<?xml version="1.0" encoding="UTF-8"?>
<!-- Generated by org.testng.reporters.JUnitXMLReporter -->
<testsuite ignored="0" hostname="NLPULTP7204778" failures="0" tests="3" name="Default test" time="0.095" errors="0" timestamp="2025-04-29T16:17:13 IST">
  <testcase classname="groupingmethods.Grouping1" name="loginbymail" time="0.015"/>
  <testcase classname="groupingmethods.Grouping1" name="loginbyfacebook" time="0.002"/>
  <testcase classname="groupingmethods.Grouping1" name="loginbytwitter" time="0.002"/>
</testsuite> <!-- Default test -->
