<?xml version="1.0" encoding="UTF-8"?>
<!-- Generated by org.testng.reporters.JUnitXMLReporter -->
<testsuite ignored="2" hostname="NLPULTP7204778" failures="0" tests="6" name="groupingtest" time="0.166" errors="0" timestamp="2025-04-29T17:39:38 IST">
  <testcase classname="groupingmethods.Logingrouping" name="loginbymail" time="0.019"/>
  <testcase classname="groupingmethods.Logingrouping" name="loginbyfacebook" time="0.004"/>
  <testcase classname="groupingmethods.Logingrouping" name="loginbytwitter" time="0.003"/>
  <testcase classname="groupingmethods.Signupgrouping" name="emailsignup" time="0.003"/>
  <testcase classname="groupingmethods.Signupgrouping" name="facebooksignup" time="0.003"/>
  <testcase classname="groupingmethods.Signupgrouping" name="twittersignup" time="0.004"/>
  <testcase classname="groupingmethods.PaymentGrouping" name="paymentincash" time="0.0">
    <ignored/>
  </testcase> <!-- paymentincash -->
  <testcase classname="groupingmethods.PaymentGrouping" name="paymentindebit" time="0.0">
    <ignored/>
  </testcase> <!-- paymentindebit -->
</testsuite> <!-- groupingtest -->
