<?xml version="1.0" encoding="UTF-8"?>
<!-- Generated by org.testng.reporters.JUnitXMLReporter -->
<testsuite ignored="0" hostname="NLPULTP7204778" failures="0" tests="3" name="Test1" time="0.065" errors="0" timestamp="2025-04-24T18:12:06 IST">
  <testcase classname="testngannot2.clas2anotations" name="abc" time="0.006"/>
  <testcase classname="testngannot2.clasanotations" name="xyz" time="0.002"/>
  <testcase classname="testngannot2.Suitetest1" name="class1" time="0.002"/>
</testsuite> <!-- Test1 -->
